<?xml version="1.0" encoding="UTF-8"?>
<!-- Generated by org.testng.reporters.JUnitReportReporter -->
<testsuite skipped="1" hostname="DESKTOP-N60QB27" name="CodingExpert.TC5" tests="1" failures="0" timestamp="17 Sep 2022 09:17:24 GMT" time="0.002" errors="0">
  <testcase name="t1" time="0.002" classname="CodingExpert.TC5">
    <skipped/>
  </testcase> <!-- t1 -->
</testsuite> <!-- CodingExpert.TC5 -->
