<?xml version="1.0" encoding="UTF-8"?>
<!-- Generated by org.testng.reporters.JUnitReportReporter -->
<testsuite skipped="1" hostname="DESKTOP-N60QB27" name="CodingExpert.TC4" tests="1" failures="0" timestamp="17 Sep 2022 09:17:24 GMT" time="0.001" errors="0">
  <testcase name="addProductTest" time="0.001" classname="CodingExpert.TC4">
    <skipped/>
  </testcase> <!-- addProductTest -->
</testsuite> <!-- CodingExpert.TC4 -->
