<?xml version="1.0" encoding="UTF-8"?>
<!-- Generated by org.testng.reporters.JUnitReportReporter -->
<testsuite skipped="0" hostname="DESKTOP-N60QB27" name="CodingExpert.TC6" tests="1" failures="0" timestamp="17 Sep 2022 09:17:24 GMT" time="8.078" errors="0">
  <testcase name="tc6" time="8.078" classname="CodingExpert.TC6"/>
</testsuite> <!-- CodingExpert.TC6 -->
